{"D:\\ms_defender_new\\ms_defender_dev\\src\\config.ts": {"path":"D:\\ms_defender_new\\ms_defender_dev\\src\\config.ts","statementMap":{"0":{"start":{"line":1,"column":0},"end":{"line":1,"column":null}},"1":{"start":{"line":7,"column":0},"end":{"line":7,"column":48}},"2":{"start":{"line":10,"column":13},"end":{"line":21,"column":2}},"3":{"start":{"line":61,"column":45},"end":{"line":61,"column":77}},"4":{"start":{"line":63,"column":2},"end":{"line":69,"column":4}},"5":{"start":{"line":71,"column":2},"end":{"line":75,"column":null}},"6":{"start":{"line":72,"column":4},"end":{"line":74,"column":6}},"7":{"start":{"line":58,"column":0},"end":{"line":58,"column":16}},"8":{"start":{"line":81,"column":2},"end":{"line":81,"column":35}},"9":{"start":{"line":82,"column":20},"end":{"line":82,"column":76}},"10":{"start":{"line":83,"column":2},"end":{"line":83,"column":41}},"11":{"start":{"line":78,"column":0},"end":{"line":78,"column":7}}},"fnMap":{"0":{"name":"validateExecutionConfig","decl":{"start":{"line":58,"column":16},"end":{"line":58,"column":39}},"loc":{"start":{"line":59,"column":66},"end":{"line":76,"column":1}}},"1":{"name":"validateInvocation","decl":{"start":{"line":78,"column":22},"end":{"line":78,"column":40}},"loc":{"start":{"line":79,"column":57},"end":{"line":84,"column":1}}}},"branchMap":{"0":{"loc":{"start":{"line":71,"column":2},"end":{"line":75,"column":null}},"type":"if","locations":[{"start":{"line":71,"column":2},"end":{"line":75,"column":null}}]},"1":{"loc":{"start":{"line":71,"column":6},"end":{"line":71,"column":43}},"type":"binary-expr","locations":[{"start":{"line":71,"column":6},"end":{"line":71,"column":15}},{"start":{"line":71,"column":19},"end":{"line":71,"column":32}},{"start":{"line":71,"column":36},"end":{"line":71,"column":43}}]}},"s":{"0":3,"1":3,"2":3,"3":0,"4":0,"5":0,"6":0,"7":3,"8":0,"9":0,"10":0,"11":3},"f":{"0":0,"1":0},"b":{"0":[0],"1":[0,0,0]}}
,"D:\\ms_defender_new\\ms_defender_dev\\src\\index.ts": {"path":"D:\\ms_defender_new\\ms_defender_dev\\src\\index.ts","statementMap":{"0":{"start":{"line":2,"column":0},"end":{"line":2,"column":64}},"1":{"start":{"line":3,"column":0},"end":{"line":3,"column":null}},"2":{"start":{"line":9,"column":13},"end":{"line":9,"column":58}},"3":{"start":{"line":11,"column":13},"end":{"line":16,"column":4}}},"fnMap":{},"branchMap":{},"s":{"0":3,"1":3,"2":3,"3":3},"f":{},"b":{}}
,"D:\\ms_defender_new\\ms_defender_dev\\src\\ms-graph\\client.ts": {"path":"D:\\ms_defender_new\\ms_defender_dev\\src\\ms-graph\\client.ts","statementMap":{"0":{"start":{"line":1,"column":0},"end":{"line":1,"column":70}},"1":{"start":{"line":2,"column":0},"end":{"line":2,"column":null}},"2":{"start":{"line":8,"column":0},"end":{"line":8,"column":null}},"3":{"start":{"line":18,"column":0},"end":{"line":18,"column":28}},"4":{"start":{"line":38,"column":13},"end":{"line":38,"column":38}},"5":{"start":{"line":39,"column":13},"end":{"line":39,"column":33}},"6":{"start":{"line":41,"column":4},"end":{"line":43,"column":7}},"7":{"start":{"line":47,"column":4},"end":{"line":56,"column":null}},"8":{"start":{"line":48,"column":6},"end":{"line":48,"column":51}},"9":{"start":{"line":50,"column":6},"end":{"line":55,"column":9}},"10":{"start":{"line":60,"column":4},"end":{"line":60,"column":38}},"11":{"start":{"line":68,"column":16},"end":{"line":68,"column":31}},"12":{"start":{"line":69,"column":4},"end":{"line":85,"column":null}},"13":{"start":{"line":70,"column":23},"end":{"line":70,"column":55}},"14":{"start":{"line":71,"column":6},"end":{"line":71,"column":31}},"15":{"start":{"line":73,"column":6},"end":{"line":73,"column":36}},"16":{"start":{"line":74,"column":27},"end":{"line":79,"column":8}},"17":{"start":{"line":80,"column":6},"end":{"line":84,"column":null}},"18":{"start":{"line":81,"column":8},"end":{"line":81,"column":70}},"19":{"start":{"line":83,"column":8},"end":{"line":83,"column":60}},"20":{"start":{"line":93,"column":16},"end":{"line":93,"column":35}},"21":{"start":{"line":94,"column":4},"end":{"line":98,"column":null}},"22":{"start":{"line":95,"column":6},"end":{"line":95,"column":72}},"23":{"start":{"line":97,"column":6},"end":{"line":97,"column":38}},"24":{"start":{"line":111,"column":6},"end":{"line":111,"column":75}},"25":{"start":{"line":112,"column":4},"end":{"line":116,"column":null}},"26":{"start":{"line":113,"column":6},"end":{"line":113,"column":46}},"27":{"start":{"line":115,"column":6},"end":{"line":115,"column":38}},"28":{"start":{"line":130,"column":16},"end":{"line":130,"column":49}},"29":{"start":{"line":131,"column":4},"end":{"line":138,"column":null}},"30":{"start":{"line":132,"column":6},"end":{"line":135,"column":15}},"31":{"start":{"line":137,"column":6},"end":{"line":137,"column":38}},"32":{"start":{"line":156,"column":39},"end":{"line":156,"column":50}},"33":{"start":{"line":157,"column":18},"end":{"line":157,"column":19}},"34":{"start":{"line":159,"column":4},"end":{"line":188,"column":23}},"35":{"start":{"line":160,"column":6},"end":{"line":179,"column":null}},"36":{"start":{"line":161,"column":8},"end":{"line":164,"column":11}},"37":{"start":{"line":166,"column":8},"end":{"line":178,"column":null}},"38":{"start":{"line":173,"column":10},"end":{"line":173,"column":20}},"39":{"start":{"line":174,"column":10},"end":{"line":174,"column":19}},"40":{"start":{"line":176,"column":10},"end":{"line":176,"column":31}},"41":{"start":{"line":177,"column":10},"end":{"line":177,"column":48}},"42":{"start":{"line":180,"column":6},"end":{"line":187,"column":null}},"43":{"start":{"line":181,"column":8},"end":{"line":183,"column":null}},"44":{"start":{"line":182,"column":10},"end":{"line":182,"column":32}},"45":{"start":{"line":184,"column":8},"end":{"line":184,"column":47}},"46":{"start":{"line":186,"column":8},"end":{"line":186,"column":29}},"47":{"start":{"line":198,"column":14},"end":{"line":198,"column":35}},"48":{"start":{"line":199,"column":4},"end":{"line":201,"column":null}},"49":{"start":{"line":200,"column":6},"end":{"line":200,"column":29}},"50":{"start":{"line":203,"column":21},"end":{"line":203,"column":36}},"51":{"start":{"line":204,"column":4},"end":{"line":207,"column":null}},"52":{"start":{"line":206,"column":6},"end":{"line":206,"column":22}},"53":{"start":{"line":211,"column":25},"end":{"line":216,"column":6}},"54":{"start":{"line":218,"column":4},"end":{"line":226,"column":null}},"55":{"start":{"line":219,"column":6},"end":{"line":219,"column":28}},"56":{"start":{"line":220,"column":11},"end":{"line":226,"column":null}},"57":{"start":{"line":221,"column":6},"end":{"line":221,"column":56}},"58":{"start":{"line":222,"column":11},"end":{"line":226,"column":null}},"59":{"start":{"line":223,"column":6},"end":{"line":223,"column":53}},"60":{"start":{"line":224,"column":11},"end":{"line":226,"column":null}},"61":{"start":{"line":225,"column":6},"end":{"line":225,"column":58}},"62":{"start":{"line":34,"column":0},"end":{"line":34,"column":13}},"63":{"start":{"line":233,"column":23},"end":{"line":233,"column":43}},"64":{"start":{"line":242,"column":4},"end":{"line":260,"column":null}},"65":{"start":{"line":246,"column":26},"end":{"line":249,"column":null}},"66":{"start":{"line":251,"column":6},"end":{"line":257,"column":8}},"67":{"start":{"line":258,"column":21},"end":{"line":258,"column":78}},"68":{"start":{"line":259,"column":6},"end":{"line":259,"column":60}},"69":{"start":{"line":261,"column":4},"end":{"line":267,"column":null}},"70":{"start":{"line":262,"column":6},"end":{"line":264,"column":8}},"71":{"start":{"line":266,"column":6},"end":{"line":266,"column":36}}},"fnMap":{"0":{"name":"(anonymous_0)","decl":{"start":{"line":37,"column":2},"end":{"line":37,"column":null}},"loc":{"start":{"line":39,"column":33},"end":{"line":44,"column":3}}},"1":{"name":"(anonymous_1)","decl":{"start":{"line":46,"column":9},"end":{"line":46,"column":14}},"loc":{"start":{"line":46,"column":35},"end":{"line":57,"column":3}}},"2":{"name":"(anonymous_2)","decl":{"start":{"line":59,"column":9},"end":{"line":59,"column":14}},"loc":{"start":{"line":59,"column":28},"end":{"line":61,"column":3}}},"3":{"name":"(anonymous_3)","decl":{"start":{"line":67,"column":9},"end":{"line":67,"column":14}},"loc":{"start":{"line":67,"column":32},"end":{"line":86,"column":3}}},"4":{"name":"(anonymous_4)","decl":{"start":{"line":90,"column":9},"end":{"line":90,"column":14}},"loc":{"start":{"line":90,"column":33},"end":{"line":99,"column":3}}},"5":{"name":"(anonymous_5)","decl":{"start":{"line":107,"column":9},"end":{"line":107,"column":14}},"loc":{"start":{"line":107,"column":41},"end":{"line":117,"column":3}}},"6":{"name":"(anonymous_6)","decl":{"start":{"line":125,"column":9},"end":{"line":125,"column":14}},"loc":{"start":{"line":126,"column":26},"end":{"line":139,"column":3}}},"7":{"name":"(anonymous_7)","decl":{"start":{"line":147,"column":12},"end":{"line":147,"column":17}},"loc":{"start":{"line":155,"column":3},"end":{"line":189,"column":3}}},"8":{"name":"(anonymous_8)","decl":{"start":{"line":191,"column":12},"end":{"line":191,"column":17}},"loc":{"start":{"line":197,"column":3},"end":{"line":208,"column":3}}},"9":{"name":"(anonymous_9)","decl":{"start":{"line":210,"column":10},"end":{"line":210,"column":24}},"loc":{"start":{"line":210,"column":54},"end":{"line":227,"column":3}}},"10":{"name":"(anonymous_10)","decl":{"start":{"line":233,"column":2},"end":{"line":233,"column":23}},"loc":{"start":{"line":233,"column":43},"end":{"line":233,"column":47}}},"11":{"name":"(anonymous_11)","decl":{"start":{"line":239,"column":9},"end":{"line":239,"column":14}},"loc":{"start":{"line":240,"column":43},"end":{"line":268,"column":3}}}},"branchMap":{"0":{"loc":{"start":{"line":80,"column":6},"end":{"line":84,"column":null}},"type":"if","locations":[{"start":{"line":80,"column":6},"end":{"line":84,"column":null}},{"start":{"line":82,"column":13},"end":{"line":84,"column":null}}]},"1":{"loc":{"start":{"line":166,"column":8},"end":{"line":178,"column":null}},"type":"if","locations":[{"start":{"line":166,"column":8},"end":{"line":178,"column":null}},{"start":{"line":175,"column":15},"end":{"line":178,"column":null}}]},"2":{"loc":{"start":{"line":167,"column":10},"end":{"line":170,"column":21}},"type":"binary-expr","locations":[{"start":{"line":167,"column":10},"end":{"line":168,"column":67}},{"start":{"line":169,"column":10},"end":{"line":169,"column":18}},{"start":{"line":170,"column":10},"end":{"line":170,"column":21}}]},"3":{"loc":{"start":{"line":180,"column":6},"end":{"line":187,"column":null}},"type":"if","locations":[{"start":{"line":180,"column":6},"end":{"line":187,"column":null}},{"start":{"line":185,"column":13},"end":{"line":187,"column":null}}]},"4":{"loc":{"start":{"line":199,"column":4},"end":{"line":201,"column":null}},"type":"if","locations":[{"start":{"line":199,"column":4},"end":{"line":201,"column":null}}]},"5":{"loc":{"start":{"line":204,"column":4},"end":{"line":207,"column":null}},"type":"if","locations":[{"start":{"line":204,"column":4},"end":{"line":207,"column":null}}]},"6":{"loc":{"start":{"line":215,"column":18},"end":{"line":215,"column":59}},"type":"binary-expr","locations":[{"start":{"line":215,"column":18},"end":{"line":215,"column":32}},{"start":{"line":215,"column":36},"end":{"line":215,"column":44}},{"start":{"line":215,"column":48},"end":{"line":215,"column":59}}]},"7":{"loc":{"start":{"line":218,"column":4},"end":{"line":226,"column":null}},"type":"if","locations":[{"start":{"line":218,"column":4},"end":{"line":226,"column":null}},{"start":{"line":220,"column":11},"end":{"line":226,"column":null}}]},"8":{"loc":{"start":{"line":220,"column":11},"end":{"line":226,"column":null}},"type":"if","locations":[{"start":{"line":220,"column":11},"end":{"line":226,"column":null}},{"start":{"line":222,"column":11},"end":{"line":226,"column":null}}]},"9":{"loc":{"start":{"line":222,"column":11},"end":{"line":226,"column":null}},"type":"if","locations":[{"start":{"line":222,"column":11},"end":{"line":226,"column":null}},{"start":{"line":224,"column":11},"end":{"line":226,"column":null}}]},"10":{"loc":{"start":{"line":224,"column":11},"end":{"line":226,"column":null}},"type":"if","locations":[{"start":{"line":224,"column":11},"end":{"line":226,"column":null}}]},"11":{"loc":{"start":{"line":242,"column":4},"end":{"line":260,"column":null}},"type":"if","locations":[{"start":{"line":242,"column":4},"end":{"line":260,"column":null}}]},"12":{"loc":{"start":{"line":243,"column":6},"end":{"line":244,"column":66}},"type":"binary-expr","locations":[{"start":{"line":243,"column":6},"end":{"line":243,"column":23}},{"start":{"line":244,"column":6},"end":{"line":244,"column":66}}]},"13":{"loc":{"start":{"line":252,"column":16},"end":{"line":256,"column":21}},"type":"cond-expr","locations":[{"start":{"line":253,"column":12},"end":{"line":255,"column":null}},{"start":{"line":256,"column":12},"end":{"line":256,"column":21}}]},"14":{"loc":{"start":{"line":258,"column":21},"end":{"line":258,"column":78}},"type":"binary-expr","locations":[{"start":{"line":258,"column":21},"end":{"line":258,"column":36}},{"start":{"line":258,"column":40},"end":{"line":258,"column":78}}]},"15":{"loc":{"start":{"line":258,"column":21},"end":{"line":258,"column":36}},"type":"cond-expr","locations":[{"start":{"line":258,"column":28},"end":{"line":258,"column":30}},{"start":{"line":258,"column":21},"end":{"line":258,"column":36}}]},"16":{"loc":{"start":{"line":258,"column":21},"end":{"line":258,"column":30}},"type":"binary-expr","locations":[{"start":{"line":258,"column":21},"end":{"line":258,"column":30}},{"start":{"line":258,"column":21},"end":{"line":258,"column":30}}]},"17":{"loc":{"start":{"line":261,"column":4},"end":{"line":267,"column":null}},"type":"if","locations":[{"start":{"line":261,"column":4},"end":{"line":267,"column":null}},{"start":{"line":265,"column":11},"end":{"line":267,"column":null}}]}},"s":{"0":4,"1":4,"2":4,"3":4,"4":17,"5":17,"6":17,"7":2,"8":2,"9":2,"10":1,"11":4,"12":4,"13":4,"14":2,"15":1,"16":1,"17":1,"18":1,"19":0,"20":1,"21":1,"22":1,"23":1,"24":1,"25":1,"26":1,"27":1,"28":1,"29":1,"30":1,"31":1,"32":7,"33":7,"34":7,"35":7,"36":7,"37":2,"38":0,"39":0,"40":2,"41":2,"42":7,"43":5,"44":19,"45":5,"46":2,"47":7,"48":7,"49":1,"50":7,"51":5,"52":5,"53":6,"54":6,"55":0,"56":6,"57":1,"58":5,"59":3,"60":2,"61":0,"62":4,"63":17,"64":17,"65":14,"66":14,"67":14,"68":14,"69":15,"70":0,"71":15},"f":{"0":17,"1":2,"2":1,"3":4,"4":1,"5":1,"6":1,"7":7,"8":7,"9":6,"10":17,"11":17},"b":{"0":[1,0],"1":[0,2],"2":[2,0,0],"3":[5,2],"4":[1],"5":[5],"6":[6,6,0],"7":[0,6],"8":[1,5],"9":[3,2],"10":[0],"11":[14],"12":[17,3],"13":[10,4],"14":[14,4],"15":[0,14],"16":[14,14],"17":[0,15]}}
,"D:\\ms_defender_new\\ms_defender_dev\\src\\steps\\active-directory\\constants.ts": {"path":"D:\\ms_defender_new\\ms_defender_dev\\src\\steps\\active-directory\\constants.ts","statementMap":{"0":{"start":{"line":1,"column":0},"end":{"line":1,"column":null}},"1":{"start":{"line":6,"column":13},"end":{"line":13,"column":2}},"2":{"start":{"line":15,"column":13},"end":{"line":37,"column":2}},"3":{"start":{"line":39,"column":13},"end":{"line":50,"column":2}},"4":{"start":{"line":52,"column":13},"end":{"line":71,"column":2}},"5":{"start":{"line":73,"column":13},"end":{"line":88,"column":2}},"6":{"start":{"line":90,"column":13},"end":{"line":90,"column":58}},"7":{"start":{"line":91,"column":13},"end":{"line":91,"column":58}},"8":{"start":{"line":92,"column":13},"end":{"line":92,"column":58}}},"fnMap":{},"branchMap":{},"s":{"0":4,"1":4,"2":4,"3":4,"4":4,"5":4,"6":4,"7":4,"8":4},"f":{},"b":{}}
,"D:\\ms_defender_new\\ms_defender_dev\\src\\steps\\active-directory\\converters.ts": {"path":"D:\\ms_defender_new\\ms_defender_dev\\src\\steps\\active-directory\\converters.ts","statementMap":{"0":{"start":{"line":1,"column":0},"end":{"line":1,"column":null}},"1":{"start":{"line":13,"column":0},"end":{"line":13,"column":76}},"2":{"start":{"line":16,"column":2},"end":{"line":27,"column":5}},"3":{"start":{"line":15,"column":0},"end":{"line":15,"column":16}},"4":{"start":{"line":40,"column":26},"end":{"line":45,"column":4}},"5":{"start":{"line":41,"column":4},"end":{"line":43,"column":null}},"6":{"start":{"line":42,"column":6},"end":{"line":42,"column":51}},"7":{"start":{"line":44,"column":4},"end":{"line":44,"column":28}},"8":{"start":{"line":47,"column":2},"end":{"line":69,"column":5}},"9":{"start":{"line":30,"column":0},"end":{"line":30,"column":16}},"10":{"start":{"line":73,"column":2},"end":{"line":90,"column":5}},"11":{"start":{"line":72,"column":0},"end":{"line":72,"column":16}},"12":{"start":{"line":94,"column":2},"end":{"line":118,"column":5}},"13":{"start":{"line":93,"column":0},"end":{"line":93,"column":16}},"14":{"start":{"line":122,"column":2},"end":{"line":122,"column":27}},"15":{"start":{"line":121,"column":0},"end":{"line":121,"column":16}},"16":{"start":{"line":126,"column":2},"end":{"line":144,"column":5}},"17":{"start":{"line":125,"column":0},"end":{"line":125,"column":16}},"18":{"start":{"line":148,"column":2},"end":{"line":170,"column":5}},"19":{"start":{"line":147,"column":0},"end":{"line":147,"column":16}},"20":{"start":{"line":177,"column":2},"end":{"line":181,"column":5}},"21":{"start":{"line":173,"column":0},"end":{"line":173,"column":16}},"22":{"start":{"line":188,"column":2},"end":{"line":192,"column":5}},"23":{"start":{"line":184,"column":0},"end":{"line":184,"column":16}},"24":{"start":{"line":198,"column":2},"end":{"line":215,"column":5}},"25":{"start":{"line":195,"column":0},"end":{"line":195,"column":16}},"26":{"start":{"line":222,"column":2},"end":{"line":226,"column":5}},"27":{"start":{"line":218,"column":0},"end":{"line":218,"column":16}}},"fnMap":{"0":{"name":"createAccountEntity","decl":{"start":{"line":15,"column":16},"end":{"line":15,"column":35}},"loc":{"start":{"line":15,"column":65},"end":{"line":28,"column":1}}},"1":{"name":"createAccountEntityWithOrganization","decl":{"start":{"line":30,"column":16},"end":{"line":30,"column":51}},"loc":{"start":{"line":37,"column":3},"end":{"line":70,"column":1}}},"2":{"name":"(anonymous_2)","decl":{"start":{"line":40,"column":60},"end":{"line":40,"column":61}},"loc":{"start":{"line":40,"column":66},"end":{"line":45,"column":3}}},"3":{"name":"createMachineEntity","decl":{"start":{"line":72,"column":16},"end":{"line":72,"column":35}},"loc":{"start":{"line":72,"column":49},"end":{"line":91,"column":1}}},"4":{"name":"createMachinesDeviceRelationship","decl":{"start":{"line":93,"column":16},"end":{"line":93,"column":48}},"loc":{"start":{"line":93,"column":61},"end":{"line":119,"column":1}}},"5":{"name":"generateUserKey","decl":{"start":{"line":121,"column":16},"end":{"line":121,"column":31}},"loc":{"start":{"line":121,"column":42},"end":{"line":123,"column":1}}},"6":{"name":"createUserEntity","decl":{"start":{"line":125,"column":16},"end":{"line":125,"column":32}},"loc":{"start":{"line":125,"column":48},"end":{"line":145,"column":1}}},"7":{"name":"createFindingEntity","decl":{"start":{"line":147,"column":16},"end":{"line":147,"column":35}},"loc":{"start":{"line":147,"column":60},"end":{"line":171,"column":1}}},"8":{"name":"createMachineUserRelationship","decl":{"start":{"line":173,"column":16},"end":{"line":173,"column":45}},"loc":{"start":{"line":175,"column":14},"end":{"line":182,"column":1}}},"9":{"name":"createAccountMachineRelationship","decl":{"start":{"line":184,"column":16},"end":{"line":184,"column":48}},"loc":{"start":{"line":186,"column":17},"end":{"line":193,"column":1}}},"10":{"name":"createFindingsCveRelationship","decl":{"start":{"line":195,"column":16},"end":{"line":195,"column":45}},"loc":{"start":{"line":196,"column":23},"end":{"line":216,"column":1}}},"11":{"name":"createMachineFindingsRelationship","decl":{"start":{"line":218,"column":16},"end":{"line":218,"column":49}},"loc":{"start":{"line":220,"column":17},"end":{"line":227,"column":1}}}},"branchMap":{"0":{"loc":{"start":{"line":40,"column":26},"end":{"line":45,"column":4}},"type":"cond-expr","locations":[{"start":{"line":40,"column":54},"end":{"line":40,"column":56}},{"start":{"line":40,"column":54},"end":{"line":45,"column":4}}]},"1":{"loc":{"start":{"line":40,"column":26},"end":{"line":40,"column":56}},"type":"binary-expr","locations":[{"start":{"line":40,"column":26},"end":{"line":40,"column":56}},{"start":{"line":40,"column":54},"end":{"line":40,"column":56}}]},"2":{"loc":{"start":{"line":41,"column":4},"end":{"line":43,"column":null}},"type":"if","locations":[{"start":{"line":41,"column":4},"end":{"line":43,"column":null}}]},"3":{"loc":{"start":{"line":63,"column":25},"end":{"line":63,"column":54}},"type":"cond-expr","locations":[{"start":{"line":63,"column":37},"end":{"line":63,"column":39}},{"start":{"line":63,"column":25},"end":{"line":63,"column":54}}]},"4":{"loc":{"start":{"line":63,"column":25},"end":{"line":63,"column":39}},"type":"binary-expr","locations":[{"start":{"line":63,"column":25},"end":{"line":63,"column":39}},{"start":{"line":63,"column":25},"end":{"line":63,"column":39}}]},"5":{"loc":{"start":{"line":65,"column":10},"end":{"line":65,"column":55}},"type":"cond-expr","locations":[{"start":{"line":65,"column":22},"end":{"line":65,"column":24}},{"start":{"line":65,"column":10},"end":{"line":65,"column":55}}]},"6":{"loc":{"start":{"line":65,"column":10},"end":{"line":65,"column":24}},"type":"binary-expr","locations":[{"start":{"line":65,"column":10},"end":{"line":65,"column":24}},{"start":{"line":65,"column":10},"end":{"line":65,"column":24}}]},"7":{"loc":{"start":{"line":66,"column":33},"end":{"line":66,"column":64}},"type":"cond-expr","locations":[{"start":{"line":66,"column":45},"end":{"line":66,"column":47}},{"start":{"line":66,"column":33},"end":{"line":66,"column":64}}]},"8":{"loc":{"start":{"line":66,"column":33},"end":{"line":66,"column":47}},"type":"binary-expr","locations":[{"start":{"line":66,"column":33},"end":{"line":66,"column":47}},{"start":{"line":66,"column":33},"end":{"line":66,"column":47}}]}},"s":{"0":4,"1":4,"2":1,"3":4,"4":2,"5":1,"6":1,"7":1,"8":2,"9":4,"10":1,"11":4,"12":1,"13":4,"14":1,"15":4,"16":0,"17":4,"18":1,"19":4,"20":1,"21":4,"22":1,"23":4,"24":1,"25":4,"26":1,"27":4},"f":{"0":1,"1":2,"2":1,"3":1,"4":1,"5":1,"6":0,"7":1,"8":1,"9":1,"10":1,"11":1},"b":{"0":[1,1],"1":[2,2],"2":[1],"3":[0,2],"4":[2,2],"5":[0,2],"6":[2,2],"7":[0,2],"8":[2,2]}}
,"D:\\ms_defender_new\\ms_defender_dev\\src\\steps\\active-directory\\index.ts": {"path":"D:\\ms_defender_new\\ms_defender_dev\\src\\steps\\active-directory\\index.ts","statementMap":{"0":{"start":{"line":8,"column":0},"end":{"line":8,"column":65}},"1":{"start":{"line":9,"column":0},"end":{"line":9,"column":null}},"2":{"start":{"line":19,"column":0},"end":{"line":19,"column":null}},"3":{"start":{"line":31,"column":0},"end":{"line":31,"column":28}},"4":{"start":{"line":36,"column":41},"end":{"line":36,"column":57}},"5":{"start":{"line":37,"column":22},"end":{"line":37,"column":71}},"6":{"start":{"line":39,"column":23},"end":{"line":39,"column":60}},"7":{"start":{"line":40,"column":26},"end":{"line":41,"column":21}},"8":{"start":{"line":42,"column":28},"end":{"line":43,"column":11}},"9":{"start":{"line":44,"column":42},"end":{"line":48,"column":36}},"10":{"start":{"line":50,"column":24},"end":{"line":53,"column":null}},"11":{"start":{"line":55,"column":2},"end":{"line":55,"column":42}},"12":{"start":{"line":56,"column":2},"end":{"line":56,"column":61}},"13":{"start":{"line":33,"column":0},"end":{"line":33,"column":7}},"14":{"start":{"line":65,"column":41},"end":{"line":65,"column":57}},"15":{"start":{"line":66,"column":2},"end":{"line":66,"column":39}},"16":{"start":{"line":67,"column":22},"end":{"line":67,"column":71}},"17":{"start":{"line":69,"column":24},"end":{"line":69,"column":75}},"18":{"start":{"line":70,"column":2},"end":{"line":73,"column":null}},"19":{"start":{"line":71,"column":4},"end":{"line":71,"column":77}},"20":{"start":{"line":72,"column":4},"end":{"line":72,"column":11}},"21":{"start":{"line":74,"column":2},"end":{"line":81,"column":5}},"22":{"start":{"line":75,"column":26},"end":{"line":75,"column":54}},"23":{"start":{"line":76,"column":4},"end":{"line":76,"column":44}},"24":{"start":{"line":77,"column":4},"end":{"line":77,"column":63}},"25":{"start":{"line":78,"column":4},"end":{"line":80,"column":6}},"26":{"start":{"line":62,"column":0},"end":{"line":62,"column":7}},"27":{"start":{"line":91,"column":31},"end":{"line":91,"column":47}},"28":{"start":{"line":93,"column":28},"end":{"line":93,"column":79}},"29":{"start":{"line":94,"column":2},"end":{"line":99,"column":null}},"30":{"start":{"line":95,"column":4},"end":{"line":97,"column":6}},"31":{"start":{"line":98,"column":4},"end":{"line":98,"column":11}},"32":{"start":{"line":101,"column":2},"end":{"line":106,"column":4}},"33":{"start":{"line":104,"column":6},"end":{"line":104,"column":80}},"34":{"start":{"line":88,"column":0},"end":{"line":88,"column":7}},"35":{"start":{"line":113,"column":41},"end":{"line":113,"column":57}},"36":{"start":{"line":114,"column":2},"end":{"line":114,"column":39}},"37":{"start":{"line":115,"column":22},"end":{"line":115,"column":71}},"38":{"start":{"line":117,"column":28},"end":{"line":117,"column":79}},"39":{"start":{"line":118,"column":2},"end":{"line":121,"column":null}},"40":{"start":{"line":119,"column":4},"end":{"line":119,"column":70}},"41":{"start":{"line":120,"column":4},"end":{"line":120,"column":11}},"42":{"start":{"line":123,"column":2},"end":{"line":137,"column":4}},"43":{"start":{"line":126,"column":6},"end":{"line":135,"column":8}},"44":{"start":{"line":129,"column":29},"end":{"line":129,"column":51}},"45":{"start":{"line":130,"column":10},"end":{"line":130,"column":47}},"46":{"start":{"line":131,"column":10},"end":{"line":133,"column":12}},"47":{"start":{"line":110,"column":0},"end":{"line":110,"column":7}},"48":{"start":{"line":144,"column":41},"end":{"line":144,"column":57}},"49":{"start":{"line":145,"column":2},"end":{"line":145,"column":39}},"50":{"start":{"line":146,"column":22},"end":{"line":146,"column":71}},"51":{"start":{"line":148,"column":28},"end":{"line":148,"column":79}},"52":{"start":{"line":149,"column":2},"end":{"line":152,"column":null}},"53":{"start":{"line":150,"column":4},"end":{"line":150,"column":73}},"54":{"start":{"line":151,"column":4},"end":{"line":151,"column":11}},"55":{"start":{"line":154,"column":2},"end":{"line":169,"column":4}},"56":{"start":{"line":157,"column":6},"end":{"line":167,"column":8}},"57":{"start":{"line":160,"column":32},"end":{"line":160,"column":60}},"58":{"start":{"line":161,"column":10},"end":{"line":161,"column":50}},"59":{"start":{"line":162,"column":10},"end":{"line":162,"column":69}},"60":{"start":{"line":163,"column":10},"end":{"line":165,"column":12}},"61":{"start":{"line":141,"column":0},"end":{"line":141,"column":7}},"62":{"start":{"line":177,"column":31},"end":{"line":177,"column":47}},"63":{"start":{"line":179,"column":28},"end":{"line":179,"column":79}},"64":{"start":{"line":180,"column":2},"end":{"line":183,"column":null}},"65":{"start":{"line":181,"column":4},"end":{"line":181,"column":78}},"66":{"start":{"line":182,"column":4},"end":{"line":182,"column":11}},"67":{"start":{"line":185,"column":2},"end":{"line":194,"column":4}},"68":{"start":{"line":188,"column":6},"end":{"line":192,"column":null}},"69":{"start":{"line":189,"column":8},"end":{"line":191,"column":10}},"70":{"start":{"line":174,"column":0},"end":{"line":174,"column":7}},"71":{"start":{"line":197,"column":13},"end":{"line":255,"column":2}}},"fnMap":{"0":{"name":"fetchAccount","decl":{"start":{"line":33,"column":22},"end":{"line":33,"column":34}},"loc":{"start":{"line":34,"column":42},"end":{"line":57,"column":1}}},"1":{"name":"fetchMachines","decl":{"start":{"line":62,"column":22},"end":{"line":62,"column":35}},"loc":{"start":{"line":63,"column":42},"end":{"line":82,"column":1}}},"2":{"name":"(anonymous_6)","decl":{"start":{"line":74,"column":36},"end":{"line":74,"column":41}},"loc":{"start":{"line":74,"column":54},"end":{"line":81,"column":3}}},"3":{"name":"buildMachineManagesDevicesRelationships","decl":{"start":{"line":88,"column":22},"end":{"line":88,"column":61}},"loc":{"start":{"line":89,"column":42},"end":{"line":107,"column":1}}},"4":{"name":"(anonymous_8)","decl":{"start":{"line":103,"column":4},"end":{"line":103,"column":9}},"loc":{"start":{"line":103,"column":22},"end":{"line":105,"column":5}}},"5":{"name":"fetchLogonUsers","decl":{"start":{"line":110,"column":22},"end":{"line":110,"column":37}},"loc":{"start":{"line":111,"column":42},"end":{"line":138,"column":1}}},"6":{"name":"(anonymous_10)","decl":{"start":{"line":125,"column":4},"end":{"line":125,"column":9}},"loc":{"start":{"line":125,"column":28},"end":{"line":136,"column":5}}},"7":{"name":"(anonymous_11)","decl":{"start":{"line":128,"column":8},"end":{"line":128,"column":13}},"loc":{"start":{"line":128,"column":23},"end":{"line":134,"column":9}}},"8":{"name":"fetchFindings","decl":{"start":{"line":141,"column":22},"end":{"line":141,"column":35}},"loc":{"start":{"line":142,"column":42},"end":{"line":170,"column":1}}},"9":{"name":"(anonymous_13)","decl":{"start":{"line":156,"column":4},"end":{"line":156,"column":9}},"loc":{"start":{"line":156,"column":28},"end":{"line":168,"column":5}}},"10":{"name":"(anonymous_14)","decl":{"start":{"line":159,"column":8},"end":{"line":159,"column":13}},"loc":{"start":{"line":159,"column":26},"end":{"line":166,"column":9}}},"11":{"name":"buildFindingIsCveRelationships","decl":{"start":{"line":174,"column":22},"end":{"line":174,"column":52}},"loc":{"start":{"line":175,"column":42},"end":{"line":195,"column":1}}},"12":{"name":"(anonymous_16)","decl":{"start":{"line":187,"column":4},"end":{"line":187,"column":9}},"loc":{"start":{"line":187,"column":33},"end":{"line":193,"column":5}}}},"branchMap":{"0":{"loc":{"start":{"line":40,"column":26},"end":{"line":41,"column":21}},"type":"cond-expr","locations":[{"start":{"line":40,"column":66},"end":{"line":40,"column":null}},{"start":{"line":40,"column":66},"end":{"line":41,"column":21}}]},"1":{"loc":{"start":{"line":40,"column":26},"end":{"line":40,"column":null}},"type":"binary-expr","locations":[{"start":{"line":40,"column":26},"end":{"line":40,"column":null}},{"start":{"line":40,"column":66},"end":{"line":40,"column":null}}]},"2":{"loc":{"start":{"line":42,"column":28},"end":{"line":43,"column":11}},"type":"cond-expr","locations":[{"start":{"line":42,"column":76},"end":{"line":42,"column":null}},{"start":{"line":42,"column":76},"end":{"line":43,"column":11}}]},"3":{"loc":{"start":{"line":42,"column":28},"end":{"line":42,"column":null}},"type":"binary-expr","locations":[{"start":{"line":42,"column":28},"end":{"line":42,"column":null}},{"start":{"line":42,"column":76},"end":{"line":42,"column":null}}]},"4":{"loc":{"start":{"line":44,"column":42},"end":{"line":48,"column":36}},"type":"cond-expr","locations":[{"start":{"line":48,"column":3},"end":{"line":48,"column":5}},{"start":{"line":48,"column":3},"end":{"line":48,"column":36}}]},"5":{"loc":{"start":{"line":44,"column":42},"end":{"line":48,"column":5}},"type":"binary-expr","locations":[{"start":{"line":44,"column":42},"end":{"line":48,"column":5}},{"start":{"line":48,"column":3},"end":{"line":48,"column":5}}]},"6":{"loc":{"start":{"line":70,"column":2},"end":{"line":73,"column":null}},"type":"if","locations":[{"start":{"line":70,"column":2},"end":{"line":73,"column":null}}]},"7":{"loc":{"start":{"line":94,"column":2},"end":{"line":99,"column":null}},"type":"if","locations":[{"start":{"line":94,"column":2},"end":{"line":99,"column":null}}]},"8":{"loc":{"start":{"line":118,"column":2},"end":{"line":121,"column":null}},"type":"if","locations":[{"start":{"line":118,"column":2},"end":{"line":121,"column":null}}]},"9":{"loc":{"start":{"line":149,"column":2},"end":{"line":152,"column":null}},"type":"if","locations":[{"start":{"line":149,"column":2},"end":{"line":152,"column":null}}]},"10":{"loc":{"start":{"line":180,"column":2},"end":{"line":183,"column":null}},"type":"if","locations":[{"start":{"line":180,"column":2},"end":{"line":183,"column":null}}]},"11":{"loc":{"start":{"line":188,"column":6},"end":{"line":192,"column":null}},"type":"if","locations":[{"start":{"line":188,"column":6},"end":{"line":192,"column":null}}]},"12":{"loc":{"start":{"line":188,"column":10},"end":{"line":188,"column":67}},"type":"cond-expr","locations":[{"start":{"line":188,"column":26},"end":{"line":188,"column":28}},{"start":{"line":188,"column":26},"end":{"line":188,"column":67}}]},"13":{"loc":{"start":{"line":188,"column":10},"end":{"line":188,"column":28}},"type":"binary-expr","locations":[{"start":{"line":188,"column":10},"end":{"line":188,"column":28}},{"start":{"line":188,"column":26},"end":{"line":188,"column":28}}]}},"s":{"0":4,"1":4,"2":4,"3":4,"4":2,"5":2,"6":2,"7":1,"8":1,"9":1,"10":1,"11":1,"12":1,"13":4,"14":1,"15":1,"16":1,"17":1,"18":1,"19":1,"20":1,"21":0,"22":0,"23":0,"24":0,"25":0,"26":4,"27":1,"28":1,"29":1,"30":1,"31":1,"32":0,"33":0,"34":4,"35":1,"36":1,"37":1,"38":1,"39":1,"40":1,"41":1,"42":0,"43":0,"44":0,"45":0,"46":0,"47":4,"48":1,"49":1,"50":1,"51":1,"52":1,"53":1,"54":1,"55":0,"56":0,"57":0,"58":0,"59":0,"60":0,"61":4,"62":1,"63":1,"64":1,"65":1,"66":1,"67":0,"68":0,"69":0,"70":4,"71":4},"f":{"0":2,"1":1,"2":0,"3":1,"4":0,"5":1,"6":0,"7":0,"8":1,"9":0,"10":0,"11":1,"12":0},"b":{"0":[1,0],"1":[1,1],"2":[1,0],"3":[1,1],"4":[1,0],"5":[1,1],"6":[1],"7":[1],"8":[1],"9":[1],"10":[1],"11":[0],"12":[0,0],"13":[0,0]}}
,"D:\\ms_defender_new\\ms_defender_dev\\src\\steps\\active-directory\\clients\\directoryClient.ts": {"path":"D:\\ms_defender_new\\ms_defender_dev\\src\\steps\\active-directory\\clients\\directoryClient.ts","statementMap":{"0":{"start":{"line":2,"column":0},"end":{"line":2,"column":55}},"1":{"start":{"line":4,"column":0},"end":{"line":4,"column":null}},"2":{"start":{"line":5,"column":2},"end":{"line":5,"column":null}},"3":{"start":{"line":13,"column":4},"end":{"line":16,"column":7}},"4":{"start":{"line":30,"column":20},"end":{"line":34,"column":17}},"5":{"start":{"line":35,"column":4},"end":{"line":39,"column":7}},"6":{"start":{"line":54,"column":4},"end":{"line":60,"column":null}},"7":{"start":{"line":55,"column":6},"end":{"line":59,"column":36}},"8":{"start":{"line":58,"column":22},"end":{"line":58,"column":35}},"9":{"start":{"line":61,"column":4},"end":{"line":64,"column":null}},"10":{"start":{"line":62,"column":6},"end":{"line":62,"column":48}},"11":{"start":{"line":63,"column":6},"end":{"line":63,"column":41}},"12":{"start":{"line":66,"column":16},"end":{"line":66,"column":100}},"13":{"start":{"line":67,"column":4},"end":{"line":70,"column":7}},"14":{"start":{"line":8,"column":0},"end":{"line":8,"column":13}}},"fnMap":{"0":{"name":"(anonymous_0)","decl":{"start":{"line":4,"column":0},"end":{"line":4,"column":12}},"loc":{"start":{"line":4,"column":22},"end":{"line":6,"column":1}}},"1":{"name":"(anonymous_1)","decl":{"start":{"line":10,"column":9},"end":{"line":10,"column":14}},"loc":{"start":{"line":11,"column":53},"end":{"line":17,"column":3}}},"2":{"name":"(anonymous_2)","decl":{"start":{"line":20,"column":9},"end":{"line":20,"column":14}},"loc":{"start":{"line":28,"column":55},"end":{"line":40,"column":3}}},"3":{"name":"(anonymous_3)","decl":{"start":{"line":43,"column":9},"end":{"line":43,"column":14}},"loc":{"start":{"line":51,"column":53},"end":{"line":71,"column":3}}},"4":{"name":"(anonymous_4)","decl":{"start":{"line":58,"column":15},"end":{"line":58,"column":16}},"loc":{"start":{"line":58,"column":22},"end":{"line":58,"column":35}}}},"branchMap":{"0":{"loc":{"start":{"line":4,"column":12},"end":{"line":4,"column":null}},"type":"binary-expr","locations":[{"start":{"line":4,"column":12},"end":{"line":4,"column":22}},{"start":{"line":4,"column":12},"end":{"line":4,"column":null}}]},"1":{"loc":{"start":{"line":30,"column":20},"end":{"line":34,"column":17}},"type":"cond-expr","locations":[{"start":{"line":31,"column":8},"end":{"line":33,"column":22}},{"start":{"line":34,"column":8},"end":{"line":34,"column":17}}]},"2":{"loc":{"start":{"line":31,"column":8},"end":{"line":33,"column":22}},"type":"cond-expr","locations":[{"start":{"line":32,"column":10},"end":{"line":32,"column":32}},{"start":{"line":33,"column":10},"end":{"line":33,"column":22}}]},"3":{"loc":{"start":{"line":37,"column":13},"end":{"line":37,"column":46}},"type":"cond-expr","locations":[{"start":{"line":37,"column":23},"end":{"line":37,"column":34}},{"start":{"line":37,"column":37},"end":{"line":37,"column":46}}]},"4":{"loc":{"start":{"line":54,"column":4},"end":{"line":60,"column":null}},"type":"if","locations":[{"start":{"line":54,"column":4},"end":{"line":60,"column":null}}]},"5":{"loc":{"start":{"line":57,"column":8},"end":{"line":59,"column":35}},"type":"cond-expr","locations":[{"start":{"line":57,"column":36},"end":{"line":57,"column":38}},{"start":{"line":57,"column":36},"end":{"line":59,"column":35}}]},"6":{"loc":{"start":{"line":57,"column":8},"end":{"line":57,"column":38}},"type":"binary-expr","locations":[{"start":{"line":57,"column":8},"end":{"line":57,"column":38}},{"start":{"line":57,"column":36},"end":{"line":57,"column":38}}]},"7":{"loc":{"start":{"line":61,"column":4},"end":{"line":64,"column":null}},"type":"if","locations":[{"start":{"line":61,"column":4},"end":{"line":64,"column":null}}]}},"s":{"0":4,"1":4,"2":4,"3":1,"4":3,"5":3,"6":3,"7":3,"8":3,"9":3,"10":3,"11":3,"12":3,"13":3,"14":4},"f":{"0":4,"1":1,"2":3,"3":3,"4":3},"b":{"0":[4,4],"1":[1,2],"2":[1,0],"3":[1,2],"4":[3],"5":[0,3],"6":[3,3],"7":[3]}}
,"D:\\ms_defender_new\\ms_defender_dev\\test\\config.ts": {"path":"D:\\ms_defender_new\\ms_defender_dev\\test\\config.ts","statementMap":{"0":{"start":{"line":3,"column":0},"end":{"line":3,"column":33}},"1":{"start":{"line":4,"column":0},"end":{"line":4,"column":29}},"2":{"start":{"line":5,"column":0},"end":{"line":5,"column":42}},"3":{"start":{"line":8,"column":0},"end":{"line":12,"column":null}},"4":{"start":{"line":9,"column":2},"end":{"line":11,"column":5}},"5":{"start":{"line":13,"column":26},"end":{"line":13,"column":48}},"6":{"start":{"line":14,"column":30},"end":{"line":14,"column":56}},"7":{"start":{"line":15,"column":23},"end":{"line":15,"column":37}},"8":{"start":{"line":16,"column":32},"end":{"line":16,"column":36}},"9":{"start":{"line":18,"column":13},"end":{"line":23,"column":2}},"10":{"start":{"line":26,"column":2},"end":{"line":30,"column":4}},"11":{"start":{"line":25,"column":0},"end":{"line":25,"column":16}}},"fnMap":{"0":{"name":"buildStepTestConfigForStep","decl":{"start":{"line":25,"column":16},"end":{"line":25,"column":42}},"loc":{"start":{"line":25,"column":57},"end":{"line":31,"column":1}}}},"branchMap":{"0":{"loc":{"start":{"line":8,"column":0},"end":{"line":12,"column":null}},"type":"if","locations":[{"start":{"line":8,"column":0},"end":{"line":12,"column":null}}]},"1":{"loc":{"start":{"line":19,"column":12},"end":{"line":19,"column":54}},"type":"binary-expr","locations":[{"start":{"line":19,"column":12},"end":{"line":19,"column":33}},{"start":{"line":19,"column":37},"end":{"line":19,"column":54}}]},"2":{"loc":{"start":{"line":20,"column":16},"end":{"line":20,"column":66}},"type":"binary-expr","locations":[{"start":{"line":20,"column":16},"end":{"line":20,"column":41}},{"start":{"line":20,"column":45},"end":{"line":20,"column":66}}]},"3":{"loc":{"start":{"line":21,"column":10},"end":{"line":21,"column":46}},"type":"binary-expr","locations":[{"start":{"line":21,"column":10},"end":{"line":21,"column":28}},{"start":{"line":21,"column":32},"end":{"line":21,"column":46}}]}},"s":{"0":3,"1":3,"2":3,"3":3,"4":0,"5":3,"6":3,"7":3,"8":3,"9":3,"10":0,"11":3},"f":{"0":0},"b":{"0":[0],"1":[3,0],"2":[3,0],"3":[3,0]}}
,"D:\\ms_defender_new\\ms_defender_dev\\test\\recording.ts": {"path":"D:\\ms_defender_new\\ms_defender_dev\\test\\recording.ts","statementMap":{"0":{"start":{"line":1,"column":0},"end":{"line":1,"column":null}},"1":{"start":{"line":8,"column":9},"end":{"line":3,"column":null}},"2":{"start":{"line":13,"column":2},"end":{"line":21,"column":5}},"3":{"start":{"line":10,"column":0},"end":{"line":10,"column":16}}},"fnMap":{"0":{"name":"(anonymous_0)","decl":{"start":{"line":8,"column":9},"end":{"line":8,"column":18}},"loc":{"start":{"line":8,"column":9},"end":{"line":3,"column":null}}},"1":{"name":"setupProjectRecording","decl":{"start":{"line":10,"column":16},"end":{"line":10,"column":37}},"loc":{"start":{"line":11,"column":49},"end":{"line":22,"column":1}}}},"branchMap":{},"s":{"0":3,"1":3,"2":10,"3":3},"f":{"0":0,"1":10},"b":{}}
}
