TN:
SF:src\config.ts
FN:58,validateExecutionConfig
FN:78,validateInvocation
FNF:2
FNH:0
FNDA:0,validateExecutionConfig
FNDA:0,validateInvocation
DA:1,3
DA:7,3
DA:10,3
DA:58,3
DA:61,0
DA:63,0
DA:71,0
DA:72,0
DA:78,3
DA:81,0
DA:82,0
DA:83,0
LF:12
LH:5
BRDA:71,0,0,0
BRDA:71,1,0,0
BRDA:71,1,1,0
BRDA:71,1,2,0
BRF:4
BRH:0
end_of_record
TN:
SF:src\index.ts
FNF:0
FNH:0
DA:2,3
DA:3,3
DA:9,3
DA:11,3
LF:4
LH:4
BRF:0
BRH:0
end_of_record
TN:
SF:src\ms-graph\client.ts
FN:37,(anonymous_0)
FN:46,(anonymous_1)
FN:59,(anonymous_2)
FN:67,(anonymous_3)
FN:90,(anonymous_4)
FN:107,(anonymous_5)
FN:125,(anonymous_6)
FN:147,(anonymous_7)
FN:191,(anonymous_8)
FN:210,(anonymous_9)
FN:233,(anonymous_10)
FN:239,(anonymous_11)
FNF:12
FNH:12
FNDA:17,(anonymous_0)
FNDA:2,(anonymous_1)
FNDA:1,(anonymous_2)
FNDA:4,(anonymous_3)
FNDA:1,(anonymous_4)
FNDA:1,(anonymous_5)
FNDA:1,(anonymous_6)
FNDA:7,(anonymous_7)
FNDA:7,(anonymous_8)
FNDA:6,(anonymous_9)
FNDA:17,(anonymous_10)
FNDA:17,(anonymous_11)
DA:1,4
DA:2,4
DA:8,4
DA:18,4
DA:34,4
DA:38,17
DA:39,17
DA:41,17
DA:47,2
DA:48,2
DA:50,2
DA:60,1
DA:68,4
DA:69,4
DA:70,4
DA:71,2
DA:73,1
DA:74,1
DA:80,1
DA:81,1
DA:83,0
DA:93,1
DA:94,1
DA:95,1
DA:97,1
DA:111,1
DA:112,1
DA:113,1
DA:115,1
DA:130,1
DA:131,1
DA:132,1
DA:137,1
DA:156,7
DA:157,7
DA:159,7
DA:160,7
DA:161,7
DA:166,2
DA:173,0
DA:174,0
DA:176,2
DA:177,2
DA:180,7
DA:181,5
DA:182,19
DA:184,5
DA:186,2
DA:198,7
DA:199,7
DA:200,1
DA:203,7
DA:204,5
DA:206,5
DA:211,6
DA:218,6
DA:219,0
DA:220,6
DA:221,1
DA:222,5
DA:223,3
DA:224,2
DA:225,0
DA:233,17
DA:242,17
DA:246,14
DA:251,14
DA:258,14
DA:259,14
DA:261,15
DA:262,0
DA:266,15
LF:72
LH:66
BRDA:80,0,0,1
BRDA:80,0,1,0
BRDA:166,1,0,0
BRDA:166,1,1,2
BRDA:167,2,0,2
BRDA:167,2,1,0
BRDA:167,2,2,0
BRDA:180,3,0,5
BRDA:180,3,1,2
BRDA:199,4,0,1
BRDA:204,5,0,5
BRDA:215,6,0,6
BRDA:215,6,1,6
BRDA:215,6,2,0
BRDA:218,7,0,0
BRDA:218,7,1,6
BRDA:220,8,0,1
BRDA:220,8,1,5
BRDA:222,9,0,3
BRDA:222,9,1,2
BRDA:224,10,0,0
BRDA:242,11,0,14
BRDA:243,12,0,17
BRDA:243,12,1,3
BRDA:252,13,0,10
BRDA:252,13,1,4
BRDA:258,14,0,14
BRDA:258,14,1,4
BRDA:258,15,0,0
BRDA:258,15,1,14
BRDA:258,16,0,14
BRDA:258,16,1,14
BRDA:261,17,0,0
BRDA:261,17,1,15
BRF:34
BRH:25
end_of_record
TN:
SF:src\steps\active-directory\constants.ts
FNF:0
FNH:0
DA:1,4
DA:6,4
DA:15,4
DA:39,4
DA:52,4
DA:73,4
DA:90,4
DA:91,4
DA:92,4
LF:9
LH:9
BRF:0
BRH:0
end_of_record
TN:
SF:src\steps\active-directory\converters.ts
FN:15,createAccountEntity
FN:30,createAccountEntityWithOrganization
FN:40,(anonymous_2)
FN:72,createMachineEntity
FN:93,createMachinesDeviceRelationship
FN:121,generateUserKey
FN:125,createUserEntity
FN:147,createFindingEntity
FN:173,createMachineUserRelationship
FN:184,createAccountMachineRelationship
FN:195,createFindingsCveRelationship
FN:218,createMachineFindingsRelationship
FNF:12
FNH:11
FNDA:1,createAccountEntity
FNDA:2,createAccountEntityWithOrganization
FNDA:1,(anonymous_2)
FNDA:1,createMachineEntity
FNDA:1,createMachinesDeviceRelationship
FNDA:1,generateUserKey
FNDA:0,createUserEntity
FNDA:1,createFindingEntity
FNDA:1,createMachineUserRelationship
FNDA:1,createAccountMachineRelationship
FNDA:1,createFindingsCveRelationship
FNDA:1,createMachineFindingsRelationship
DA:1,4
DA:13,4
DA:15,4
DA:16,1
DA:30,4
DA:40,2
DA:41,1
DA:42,1
DA:44,1
DA:47,2
DA:72,4
DA:73,1
DA:93,4
DA:94,1
DA:121,4
DA:122,1
DA:125,4
DA:126,0
DA:147,4
DA:148,1
DA:173,4
DA:177,1
DA:184,4
DA:188,1
DA:195,4
DA:198,1
DA:218,4
DA:222,1
LF:28
LH:27
BRDA:40,0,0,1
BRDA:40,0,1,1
BRDA:40,1,0,2
BRDA:40,1,1,2
BRDA:41,2,0,1
BRDA:63,3,0,0
BRDA:63,3,1,2
BRDA:63,4,0,2
BRDA:63,4,1,2
BRDA:65,5,0,0
BRDA:65,5,1,2
BRDA:65,6,0,2
BRDA:65,6,1,2
BRDA:66,7,0,0
BRDA:66,7,1,2
BRDA:66,8,0,2
BRDA:66,8,1,2
BRF:17
BRH:14
end_of_record
TN:
SF:src\steps\active-directory\index.ts
FN:33,fetchAccount
FN:62,fetchMachines
FN:74,(anonymous_6)
FN:88,buildMachineManagesDevicesRelationships
FN:103,(anonymous_8)
FN:110,fetchLogonUsers
FN:125,(anonymous_10)
FN:128,(anonymous_11)
FN:141,fetchFindings
FN:156,(anonymous_13)
FN:159,(anonymous_14)
FN:174,buildFindingIsCveRelationships
FN:187,(anonymous_16)
FNF:13
FNH:6
FNDA:2,fetchAccount
FNDA:1,fetchMachines
FNDA:0,(anonymous_6)
FNDA:1,buildMachineManagesDevicesRelationships
FNDA:0,(anonymous_8)
FNDA:1,fetchLogonUsers
FNDA:0,(anonymous_10)
FNDA:0,(anonymous_11)
FNDA:1,fetchFindings
FNDA:0,(anonymous_13)
FNDA:0,(anonymous_14)
FNDA:1,buildFindingIsCveRelationships
FNDA:0,(anonymous_16)
DA:8,4
DA:9,4
DA:19,4
DA:31,4
DA:33,4
DA:36,2
DA:37,2
DA:39,2
DA:40,1
DA:42,1
DA:44,1
DA:50,1
DA:55,1
DA:56,1
DA:62,4
DA:65,1
DA:66,1
DA:67,1
DA:69,1
DA:70,1
DA:71,1
DA:72,1
DA:74,0
DA:75,0
DA:76,0
DA:77,0
DA:78,0
DA:88,4
DA:91,1
DA:93,1
DA:94,1
DA:95,1
DA:98,1
DA:101,0
DA:104,0
DA:110,4
DA:113,1
DA:114,1
DA:115,1
DA:117,1
DA:118,1
DA:119,1
DA:120,1
DA:123,0
DA:126,0
DA:129,0
DA:130,0
DA:131,0
DA:141,4
DA:144,1
DA:145,1
DA:146,1
DA:148,1
DA:149,1
DA:150,1
DA:151,1
DA:154,0
DA:157,0
DA:160,0
DA:161,0
DA:162,0
DA:163,0
DA:174,4
DA:177,1
DA:179,1
DA:180,1
DA:181,1
DA:182,1
DA:185,0
DA:188,0
DA:189,0
DA:197,4
LF:72
LH:51
BRDA:40,0,0,1
BRDA:40,0,1,0
BRDA:40,1,0,1
BRDA:40,1,1,1
BRDA:42,2,0,1
BRDA:42,2,1,0
BRDA:42,3,0,1
BRDA:42,3,1,1
BRDA:44,4,0,1
BRDA:44,4,1,0
BRDA:44,5,0,1
BRDA:44,5,1,1
BRDA:70,6,0,1
BRDA:94,7,0,1
BRDA:118,8,0,1
BRDA:149,9,0,1
BRDA:180,10,0,1
BRDA:188,11,0,0
BRDA:188,12,0,0
BRDA:188,12,1,0
BRDA:188,13,0,0
BRDA:188,13,1,0
BRF:22
BRH:14
end_of_record
TN:
SF:src\steps\active-directory\clients\directoryClient.ts
FN:4,(anonymous_0)
FN:10,(anonymous_1)
FN:20,(anonymous_2)
FN:43,(anonymous_3)
FN:58,(anonymous_4)
FNF:5
FNH:5
FNDA:4,(anonymous_0)
FNDA:1,(anonymous_1)
FNDA:3,(anonymous_2)
FNDA:3,(anonymous_3)
FNDA:3,(anonymous_4)
DA:2,4
DA:4,4
DA:5,4
DA:8,4
DA:13,1
DA:30,3
DA:35,3
DA:54,3
DA:55,3
DA:58,3
DA:61,3
DA:62,3
DA:63,3
DA:66,3
DA:67,3
LF:15
LH:15
BRDA:4,0,0,4
BRDA:4,0,1,4
BRDA:30,1,0,1
BRDA:30,1,1,2
BRDA:31,2,0,1
BRDA:31,2,1,0
BRDA:37,3,0,1
BRDA:37,3,1,2
BRDA:54,4,0,3
BRDA:57,5,0,0
BRDA:57,5,1,3
BRDA:57,6,0,3
BRDA:57,6,1,3
BRDA:61,7,0,3
BRF:14
BRH:12
end_of_record
TN:
SF:test\config.ts
FN:25,buildStepTestConfigForStep
FNF:1
FNH:0
FNDA:0,buildStepTestConfigForStep
DA:3,3
DA:4,3
DA:5,3
DA:8,3
DA:9,0
DA:13,3
DA:14,3
DA:15,3
DA:16,3
DA:18,3
DA:25,3
DA:26,0
LF:12
LH:10
BRDA:8,0,0,0
BRDA:19,1,0,3
BRDA:19,1,1,0
BRDA:20,2,0,3
BRDA:20,2,1,0
BRDA:21,3,0,3
BRDA:21,3,1,0
BRF:7
BRH:3
end_of_record
TN:
SF:test\recording.ts
FN:8,(anonymous_0)
FN:10,setupProjectRecording
FNF:2
FNH:1
FNDA:0,(anonymous_0)
FNDA:10,setupProjectRecording
DA:1,3
DA:8,3
DA:10,3
DA:13,10
LF:4
LH:4
BRF:0
BRH:0
end_of_record
